# JRE version: Java(TM) SE Runtime Environment (8.0_221-b11) (build 1.8.0_221-b11)
# Java VM: Java HotSpot(TM) 64-Bit Server VM (25.221-b11 mixed mode windows-amd64 compressed oops)
Heap:
 PSYoungGen      total 12800K, used 7133K [0x00000000f5780000, 0x00000000f6900000, 0x0000000100000000)
  eden space 8704K, 75% used [0x00000000f5780000,0x00000000f5df3548,0x00000000f6000000)
  from space 4096K, 12% used [0x00000000f6000000,0x00000000f6084090,0x00000000f6400000)
  to   space 4608K, 0% used [0x00000000f6480000,0x00000000f6480000,0x00000000f6900000)
 ParOldGen       total 22016K, used 7543K [0x00000000e0600000, 0x00000000e1b80000, 0x00000000f5780000)
  object space 22016K, 34% used [0x00000000e0600000,0x00000000e0d5de18,0x00000000e1b80000)
 Metaspace       used 15530K, capacity 15762K, committed 16000K, reserved 1062912K
  class space    used 1766K, capacity 1834K, committed 1920K, reserved 1048576K
GC Heap History (10 events):
Event: 38.721 GC heap before
{Heap before GC invocations=3 (full 0):
 PSYoungGen      total 9728K, used 9717K [0x00000000f5780000, 0x00000000f6200000, 0x0000000100000000)
  eden space 8704K, 100% used [0x00000000f5780000,0x00000000f6000000,0x00000000f6000000)
  from space 1024K, 98% used [0x00000000f6100000,0x00000000f61fd6f0,0x00000000f6200000)
  to   space 1024K, 0% used [0x00000000f6000000,0x00000000f6000000,0x00000000f6100000)
 ParOldGen       total 22016K, used 5152K [0x00000000e0600000, 0x00000000e1b80000, 0x00000000f5780000)
  object space 22016K, 23% used [0x00000000e0600000,0x00000000e0b081c0,0x00000000e1b80000)
 Metaspace       used 15068K, capacity 15308K, committed 15488K, reserved 1062912K
  class space    used 1764K, capacity 1833K, committed 1920K, reserved 1048576K
Event: 38.726 GC heap after
Heap after GC invocations=3 (full 0):
 PSYoungGen      total 9728K, used 997K [0x00000000f5780000, 0x00000000f6200000, 0x0000000100000000)
  eden space 8704K, 0% used [0x00000000f5780000,0x00000000f5780000,0x00000000f6000000)
  from space 1024K, 97% used [0x00000000f6000000,0x00000000f60f96e0,0x00000000f6100000)
  to   space 1024K, 0% used [0x00000000f6100000,0x00000000f6100000,0x00000000f6200000)
 ParOldGen       total 22016K, used 5704K [0x00000000e0600000, 0x00000000e1b80000, 0x00000000f5780000)
  object space 22016K, 25% used [0x00000000e0600000,0x00000000e0b922a0,0x00000000e1b80000)
 Metaspace       used 15068K, capacity 15308K, committed 15488K, reserved 1062912K
  class space    used 1764K, capacity 1833K, committed 1920K, reserved 1048576K
}
Event: 47.676 GC heap before
{Heap before GC invocations=4 (full 0):
 PSYoungGen      total 9728K, used 9691K [0x00000000f5780000, 0x00000000f6200000, 0x0000000100000000)
  eden space 8704K, 99% used [0x00000000f5780000,0x00000000f5ffd740,0x00000000f6000000)
  from space 1024K, 97% used [0x00000000f6000000,0x00000000f60f96e0,0x00000000f6100000)
  to   space 1024K, 0% used [0x00000000f6100000,0x00000000f6100000,0x00000000f6200000)
 ParOldGen       total 22016K, used 5704K [0x00000000e0600000, 0x00000000e1b80000, 0x00000000f5780000)
  object space 22016K, 25% used [0x00000000e0600000,0x00000000e0b922a0,0x00000000e1b80000)
 Metaspace       used 15269K, capacity 15506K, committed 15744K, reserved 1062912K
  class space    used 1765K, capacity 1834K, committed 1920K, reserved 1048576K
Event: 47.686 GC heap after
Heap after GC invocations=4 (full 0):
 PSYoungGen      total 9728K, used 997K [0x00000000f5780000, 0x00000000f6200000, 0x0000000100000000)
  eden space 8704K, 0% used [0x00000000f5780000,0x00000000f5780000,0x00000000f6000000)
  from space 1024K, 97% used [0x00000000f6100000,0x00000000f61f96e0,0x00000000f6200000)
  to   space 1024K, 0% used [0x00000000f6000000,0x00000000f6000000,0x00000000f6100000)
 ParOldGen       total 22016K, used 6168K [0x00000000e0600000, 0x00000000e1b80000, 0x00000000f5780000)
  object space 22016K, 28% used [0x00000000e0600000,0x00000000e0c06350,0x00000000e1b80000)
 Metaspace       used 15269K, capacity 15506K, committed 15744K, reserved 1062912K
  class space    used 1765K, capacity 1834K, committed 1920K, reserved 1048576K
}
Event: 57.344 GC heap before
{Heap before GC invocations=5 (full 0):
 PSYoungGen      total 9728K, used 9701K [0x00000000f5780000, 0x00000000f6200000, 0x0000000100000000)
  eden space 8704K, 100% used [0x00000000f5780000,0x00000000f6000000,0x00000000f6000000)
  from space 1024K, 97% used [0x00000000f6100000,0x00000000f61f96e0,0x00000000f6200000)
  to   space 1024K, 0% used [0x00000000f6000000,0x00000000f6000000,0x00000000f6100000)
 ParOldGen       total 22016K, used 6168K [0x00000000e0600000, 0x00000000e1b80000, 0x00000000f5780000)
  object space 22016K, 28% used [0x00000000e0600000,0x00000000e0c06350,0x00000000e1b80000)
 Metaspace       used 15330K, capacity 15570K, committed 15744K, reserved 1062912K
  class space    used 1765K, capacity 1834K, committed 1920K, reserved 1048576K
Event: 57.349 GC heap after
Heap after GC invocations=5 (full 0):
 PSYoungGen      total 9728K, used 997K [0x00000000f5780000, 0x00000000f6900000, 0x0000000100000000)
  eden space 8704K, 0% used [0x00000000f5780000,0x00000000f5780000,0x00000000f6000000)
  from space 1024K, 97% used [0x00000000f6000000,0x00000000f60f96e0,0x00000000f6100000)
  to   space 4608K, 0% used [0x00000000f6480000,0x00000000f6480000,0x00000000f6900000)
 ParOldGen       total 22016K, used 6568K [0x00000000e0600000, 0x00000000e1b80000, 0x00000000f5780000)
  object space 22016K, 29% used [0x00000000e0600000,0x00000000e0c6a3e0,0x00000000e1b80000)
 Metaspace       used 15330K, capacity 15570K, committed 15744K, reserved 1062912K
  class space    used 1765K, capacity 1834K, committed 1920K, reserved 1048576K
}
Event: 67.887 GC heap before
{Heap before GC invocations=6 (full 0):
 PSYoungGen      total 9728K, used 9694K [0x00000000f5780000, 0x00000000f6900000, 0x0000000100000000)
  eden space 8704K, 99% used [0x00000000f5780000,0x00000000f5ffe320,0x00000000f6000000)
  from space 1024K, 97% used [0x00000000f6000000,0x00000000f60f96e0,0x00000000f6100000)
  to   space 4608K, 0% used [0x00000000f6480000,0x00000000f6480000,0x00000000f6900000)
 ParOldGen       total 22016K, used 6568K [0x00000000e0600000, 0x00000000e1b80000, 0x00000000f5780000)
  object space 22016K, 29% used [0x00000000e0600000,0x00000000e0c6a3e0,0x00000000e1b80000)
 Metaspace       used 15439K, capacity 15698K, committed 16000K, reserved 1062912K
  class space    used 1765K, capacity 1834K, committed 1920K, reserved 1048576K
Event: 67.897 GC heap after
Heap after GC invocations=6 (full 0):
 PSYoungGen      total 12288K, used 1429K [0x00000000f5780000, 0x00000000f6800000, 0x0000000100000000)
  eden space 8704K, 0% used [0x00000000f5780000,0x00000000f5780000,0x00000000f6000000)
  from space 3584K, 39% used [0x00000000f6480000,0x00000000f65e5770,0x00000000f6800000)
  to   space 4096K, 0% used [0x00000000f6000000,0x00000000f6000000,0x00000000f6400000)
 ParOldGen       total 22016K, used 6568K [0x00000000e0600000, 0x00000000e1b80000, 0x00000000f5780000)
  object space 22016K, 29% used [0x00000000e0600000,0x00000000e0c6a3e0,0x00000000e1b80000)
 Metaspace       used 15439K, capacity 15698K, committed 16000K, reserved 1062912K
  class space    used 1765K, capacity 1834K, committed 1920K, reserved 1048576K
}
Event: 78.392 GC heap before
{Heap before GC invocations=7 (full 0):
 PSYoungGen      total 12288K, used 10133K [0x00000000f5780000, 0x00000000f6800000, 0x0000000100000000)
  eden space 8704K, 100% used [0x00000000f5780000,0x00000000f6000000,0x00000000f6000000)
  from space 3584K, 39% used [0x00000000f6480000,0x00000000f65e5770,0x00000000f6800000)
  to   space 4096K, 0% used [0x00000000f6000000,0x00000000f6000000,0x00000000f6400000)
 ParOldGen       total 22016K, used 6568K [0x00000000e0600000, 0x00000000e1b80000, 0x00000000f5780000)
  object space 22016K, 29% used [0x00000000e0600000,0x00000000e0c6a3e0,0x00000000e1b80000)
 Metaspace       used 15496K, capacity 15762K, committed 16000K, reserved 1062912K
  class space    used 1765K, capacity 1834K, committed 1920K, reserved 1048576K
Event: 78.406 GC heap after
Heap after GC invocations=7 (full 0):
 PSYoungGen      total 12800K, used 528K [0x00000000f5780000, 0x00000000f6900000, 0x0000000100000000)
  eden space 8704K, 0% used [0x00000000f5780000,0x00000000f5780000,0x00000000f6000000)
  from space 4096K, 12% used [0x00000000f6000000,0x00000000f6084090,0x00000000f6400000)
  to   space 4608K, 0% used [0x00000000f6480000,0x00000000f6480000,0x00000000f6900000)
 ParOldGen       total 22016K, used 7543K [0x00000000e0600000, 0x00000000e1b80000, 0x00000000f5780000)
  object space 22016K, 34% used [0x00000000e0600000,0x00000000e0d5de18,0x00000000e1b80000)
 Metaspace       used 15496K, capacity 15762K, committed 16000K, reserved 1062912K
  class space    used 1765K, capacity 1834K, committed 1920K, reserved 1048576K
}

