# JRE version: Java(TM) SE Runtime Environment (8.0_221-b11) (build 1.8.0_221-b11)
# Java VM: Java HotSpot(TM) 64-Bit Server VM (25.221-b11 mixed mode windows-amd64 compressed oops)
Heap:
 PSYoungGen      total 16384K, used 7018K [0x00000000f5780000, 0x00000000f6900000, 0x0000000100000000)
  eden space 14848K, 46% used [0x00000000f5780000,0x00000000f5e42b58,0x00000000f6600000)
  from space 1536K, 6% used [0x00000000f6780000,0x00000000f6798000,0x00000000f6900000)
  to   space 1536K, 0% used [0x00000000f6600000,0x00000000f6600000,0x00000000f6780000)
 ParOldGen       total 22016K, used 9702K [0x00000000e0600000, 0x00000000e1b80000, 0x00000000f5780000)
  object space 22016K, 44% used [0x00000000e0600000,0x00000000e0f79890,0x00000000e1b80000)
 Metaspace       used 15696K, capacity 15954K, committed 16256K, reserved 1062912K
  class space    used 1772K, capacity 1834K, committed 1920K, reserved 1048576K
GC Heap History (10 events):
Event: 335.141 GC heap before
{Heap before GC invocations=32 (full 0):
 PSYoungGen      total 15872K, used 15520K [0x00000000f5780000, 0x00000000f6980000, 0x0000000100000000)
  eden space 15360K, 100% used [0x00000000f5780000,0x00000000f6680000,0x00000000f6680000)
  from space 512K, 31% used [0x00000000f6680000,0x00000000f66a8010,0x00000000f6700000)
  to   space 1536K, 0% used [0x00000000f6800000,0x00000000f6800000,0x00000000f6980000)
 ParOldGen       total 22016K, used 9062K [0x00000000e0600000, 0x00000000e1b80000, 0x00000000f5780000)
  object space 22016K, 41% used [0x00000000e0600000,0x00000000e0ed99e0,0x00000000e1b80000)
 Metaspace       used 15685K, capacity 15890K, committed 16000K, reserved 1062912K
  class space    used 1772K, capacity 1834K, committed 1920K, reserved 1048576K
Event: 335.143 GC heap after
Heap after GC invocations=32 (full 0):
 PSYoungGen      total 16384K, used 832K [0x00000000f5780000, 0x00000000f6a80000, 0x0000000100000000)
  eden space 14848K, 0% used [0x00000000f5780000,0x00000000f5780000,0x00000000f6600000)
  from space 1536K, 54% used [0x00000000f6800000,0x00000000f68d0020,0x00000000f6980000)
  to   space 2048K, 0% used [0x00000000f6600000,0x00000000f6600000,0x00000000f6800000)
 ParOldGen       total 22016K, used 9158K [0x00000000e0600000, 0x00000000e1b80000, 0x00000000f5780000)
  object space 22016K, 41% used [0x00000000e0600000,0x00000000e0ef19f0,0x00000000e1b80000)
 Metaspace       used 15685K, capacity 15890K, committed 16000K, reserved 1062912K
  class space    used 1772K, capacity 1834K, committed 1920K, reserved 1048576K
}
Event: 344.098 GC heap before
{Heap before GC invocations=33 (full 0):
 PSYoungGen      total 16384K, used 15680K [0x00000000f5780000, 0x00000000f6a80000, 0x0000000100000000)
  eden space 14848K, 100% used [0x00000000f5780000,0x00000000f6600000,0x00000000f6600000)
  from space 1536K, 54% used [0x00000000f6800000,0x00000000f68d0020,0x00000000f6980000)
  to   space 2048K, 0% used [0x00000000f6600000,0x00000000f6600000,0x00000000f6800000)
 ParOldGen       total 22016K, used 9158K [0x00000000e0600000, 0x00000000e1b80000, 0x00000000f5780000)
  object space 22016K, 41% used [0x00000000e0600000,0x00000000e0ef19f0,0x00000000e1b80000)
 Metaspace       used 15685K, capacity 15890K, committed 16000K, reserved 1062912K
  class space    used 1772K, capacity 1834K, committed 1920K, reserved 1048576K
Event: 344.102 GC heap after
Heap after GC invocations=33 (full 0):
 PSYoungGen      total 15360K, used 64K [0x00000000f5780000, 0x00000000f6900000, 0x0000000100000000)
  eden space 14848K, 0% used [0x00000000f5780000,0x00000000f5780000,0x00000000f6600000)
  from space 512K, 12% used [0x00000000f6600000,0x00000000f6610000,0x00000000f6680000)
  to   space 1536K, 0% used [0x00000000f6780000,0x00000000f6780000,0x00000000f6900000)
 ParOldGen       total 22016K, used 9574K [0x00000000e0600000, 0x00000000e1b80000, 0x00000000f5780000)
  object space 22016K, 43% used [0x00000000e0600000,0x00000000e0f59a00,0x00000000e1b80000)
 Metaspace       used 15685K, capacity 15890K, committed 16000K, reserved 1062912K
  class space    used 1772K, capacity 1834K, committed 1920K, reserved 1048576K
}
Event: 353.045 GC heap before
{Heap before GC invocations=34 (full 0):
 PSYoungGen      total 15360K, used 14912K [0x00000000f5780000, 0x00000000f6900000, 0x0000000100000000)
  eden space 14848K, 100% used [0x00000000f5780000,0x00000000f6600000,0x00000000f6600000)
  from space 512K, 12% used [0x00000000f6600000,0x00000000f6610000,0x00000000f6680000)
  to   space 1536K, 0% used [0x00000000f6780000,0x00000000f6780000,0x00000000f6900000)
 ParOldGen       total 22016K, used 9594K [0x00000000e0600000, 0x00000000e1b80000, 0x00000000f5780000)
  object space 22016K, 43% used [0x00000000e0600000,0x00000000e0f5e830,0x00000000e1b80000)
 Metaspace       used 15685K, capacity 15890K, committed 16000K, reserved 1062912K
  class space    used 1772K, capacity 1834K, committed 1920K, reserved 1048576K
Event: 353.050 GC heap after
Heap after GC invocations=34 (full 0):
 PSYoungGen      total 16384K, used 64K [0x00000000f5780000, 0x00000000f6900000, 0x0000000100000000)
  eden space 14848K, 0% used [0x00000000f5780000,0x00000000f5780000,0x00000000f6600000)
  from space 1536K, 4% used [0x00000000f6780000,0x00000000f6790000,0x00000000f6900000)
  to   space 1536K, 0% used [0x00000000f6600000,0x00000000f6600000,0x00000000f6780000)
 ParOldGen       total 22016K, used 9626K [0x00000000e0600000, 0x00000000e1b80000, 0x00000000f5780000)
  object space 22016K, 43% used [0x00000000e0600000,0x00000000e0f66830,0x00000000e1b80000)
 Metaspace       used 15685K, capacity 15890K, committed 16000K, reserved 1062912K
  class space    used 1772K, capacity 1834K, committed 1920K, reserved 1048576K
}
Event: 361.950 GC heap before
{Heap before GC invocations=35 (full 0):
 PSYoungGen      total 16384K, used 14912K [0x00000000f5780000, 0x00000000f6900000, 0x0000000100000000)
  eden space 14848K, 100% used [0x00000000f5780000,0x00000000f6600000,0x00000000f6600000)
  from space 1536K, 4% used [0x00000000f6780000,0x00000000f6790000,0x00000000f6900000)
  to   space 1536K, 0% used [0x00000000f6600000,0x00000000f6600000,0x00000000f6780000)
 ParOldGen       total 22016K, used 9630K [0x00000000e0600000, 0x00000000e1b80000, 0x00000000f5780000)
  object space 22016K, 43% used [0x00000000e0600000,0x00000000e0f67890,0x00000000e1b80000)
 Metaspace       used 15685K, capacity 15890K, committed 16000K, reserved 1062912K
  class space    used 1772K, capacity 1834K, committed 1920K, reserved 1048576K
Event: 361.958 GC heap after
Heap after GC invocations=35 (full 0):
 PSYoungGen      total 16384K, used 51K [0x00000000f5780000, 0x00000000f6900000, 0x0000000100000000)
  eden space 14848K, 0% used [0x00000000f5780000,0x00000000f5780000,0x00000000f6600000)
  from space 1536K, 3% used [0x00000000f6600000,0x00000000f660ce30,0x00000000f6780000)
  to   space 1536K, 0% used [0x00000000f6780000,0x00000000f6780000,0x00000000f6900000)
 ParOldGen       total 22016K, used 9662K [0x00000000e0600000, 0x00000000e1b80000, 0x00000000f5780000)
  object space 22016K, 43% used [0x00000000e0600000,0x00000000e0f6f890,0x00000000e1b80000)
 Metaspace       used 15685K, capacity 15890K, committed 16000K, reserved 1062912K
  class space    used 1772K, capacity 1834K, committed 1920K, reserved 1048576K
}
Event: 370.744 GC heap before
{Heap before GC invocations=36 (full 0):
 PSYoungGen      total 16384K, used 14899K [0x00000000f5780000, 0x00000000f6900000, 0x0000000100000000)
  eden space 14848K, 100% used [0x00000000f5780000,0x00000000f6600000,0x00000000f6600000)
  from space 1536K, 3% used [0x00000000f6600000,0x00000000f660ce30,0x00000000f6780000)
  to   space 1536K, 0% used [0x00000000f6780000,0x00000000f6780000,0x00000000f6900000)
 ParOldGen       total 22016K, used 9662K [0x00000000e0600000, 0x00000000e1b80000, 0x00000000f5780000)
  object space 22016K, 43% used [0x00000000e0600000,0x00000000e0f6f890,0x00000000e1b80000)
 Metaspace       used 15686K, capacity 15890K, committed 16000K, reserved 1062912K
  class space    used 1772K, capacity 1834K, committed 1920K, reserved 1048576K
Event: 370.745 GC heap after
Heap after GC invocations=36 (full 0):
 PSYoungGen      total 16384K, used 96K [0x00000000f5780000, 0x00000000f6900000, 0x0000000100000000)
  eden space 14848K, 0% used [0x00000000f5780000,0x00000000f5780000,0x00000000f6600000)
  from space 1536K, 6% used [0x00000000f6780000,0x00000000f6798000,0x00000000f6900000)
  to   space 1536K, 0% used [0x00000000f6600000,0x00000000f6600000,0x00000000f6780000)
 ParOldGen       total 22016K, used 9702K [0x00000000e0600000, 0x00000000e1b80000, 0x00000000f5780000)
  object space 22016K, 44% used [0x00000000e0600000,0x00000000e0f79890,0x00000000e1b80000)
 Metaspace       used 15686K, capacity 15890K, committed 16000K, reserved 1062912K
  class space    used 1772K, capacity 1834K, committed 1920K, reserved 1048576K
}

