# JRE version: Java(TM) SE Runtime Environment (8.0_221-b11) (build 1.8.0_221-b11)
# Java VM: Java HotSpot(TM) 64-Bit Server VM (25.221-b11 mixed mode windows-amd64 compressed oops)
Heap:
 PSYoungGen      total 9728K, used 6287K [0x00000000f5780000, 0x00000000f6200000, 0x0000000100000000)
  eden space 8704K, 60% used [0x00000000f5780000,0x00000000f5ca66a8,0x00000000f6000000)
  from space 1024K, 98% used [0x00000000f6100000,0x00000000f61fd6f0,0x00000000f6200000)
  to   space 1024K, 0% used [0x00000000f6000000,0x00000000f6000000,0x00000000f6100000)
 ParOldGen       total 22016K, used 6489K [0x00000000e0600000, 0x00000000e1b80000, 0x00000000f5780000)
  object space 22016K, 29% used [0x00000000e0600000,0x00000000e0c56650,0x00000000e1b80000)
 Metaspace       used 15423K, capacity 15698K, committed 16000K, reserved 1062912K
  class space    used 1758K, capacity 1834K, committed 1920K, reserved 1048576K
GC Heap History (8 events):
Event: 7.253 GC heap before
{Heap before GC invocations=1 (full 0):
 PSYoungGen      total 9728K, used 8704K [0x00000000f5780000, 0x00000000f6200000, 0x0000000100000000)
  eden space 8704K, 100% used [0x00000000f5780000,0x00000000f6000000,0x00000000f6000000)
  from space 1024K, 0% used [0x00000000f6100000,0x00000000f6100000,0x00000000f6200000)
  to   space 1024K, 0% used [0x00000000f6000000,0x00000000f6000000,0x00000000f6100000)
 ParOldGen       total 22016K, used 0K [0x00000000e0600000, 0x00000000e1b80000, 0x00000000f5780000)
  object space 22016K, 0% used [0x00000000e0600000,0x00000000e0600000,0x00000000e1b80000)
 Metaspace       used 12096K, capacity 12294K, committed 12416K, reserved 1060864K
  class space    used 1504K, capacity 1600K, committed 1664K, reserved 1048576K
Event: 7.262 GC heap after
Heap after GC invocations=1 (full 0):
 PSYoungGen      total 9728K, used 1017K [0x00000000f5780000, 0x00000000f6200000, 0x0000000100000000)
  eden space 8704K, 0% used [0x00000000f5780000,0x00000000f5780000,0x00000000f6000000)
  from space 1024K, 99% used [0x00000000f6000000,0x00000000f60fe4d8,0x00000000f6100000)
  to   space 1024K, 0% used [0x00000000f6100000,0x00000000f6100000,0x00000000f6200000)
 ParOldGen       total 22016K, used 2309K [0x00000000e0600000, 0x00000000e1b80000, 0x00000000f5780000)
  object space 22016K, 10% used [0x00000000e0600000,0x00000000e0841490,0x00000000e1b80000)
 Metaspace       used 12096K, capacity 12294K, committed 12416K, reserved 1060864K
  class space    used 1504K, capacity 1600K, committed 1664K, reserved 1048576K
}
Event: 8.123 GC heap before
{Heap before GC invocations=2 (full 0):
 PSYoungGen      total 9728K, used 9721K [0x00000000f5780000, 0x00000000f6200000, 0x0000000100000000)
  eden space 8704K, 100% used [0x00000000f5780000,0x00000000f6000000,0x00000000f6000000)
  from space 1024K, 99% used [0x00000000f6000000,0x00000000f60fe4d8,0x00000000f6100000)
  to   space 1024K, 0% used [0x00000000f6100000,0x00000000f6100000,0x00000000f6200000)
 ParOldGen       total 22016K, used 2309K [0x00000000e0600000, 0x00000000e1b80000, 0x00000000f5780000)
  object space 22016K, 10% used [0x00000000e0600000,0x00000000e0841490,0x00000000e1b80000)
 Metaspace       used 14747K, capacity 14974K, committed 15232K, reserved 1062912K
  class space    used 1756K, capacity 1832K, committed 1920K, reserved 1048576K
Event: 8.133 GC heap after
Heap after GC invocations=2 (full 0):
 PSYoungGen      total 9728K, used 1013K [0x00000000f5780000, 0x00000000f6200000, 0x0000000100000000)
  eden space 8704K, 0% used [0x00000000f5780000,0x00000000f5780000,0x00000000f6000000)
  from space 1024K, 98% used [0x00000000f6100000,0x00000000f61fd6f0,0x00000000f6200000)
  to   space 1024K, 0% used [0x00000000f6000000,0x00000000f6000000,0x00000000f6100000)
 ParOldGen       total 22016K, used 4920K [0x00000000e0600000, 0x00000000e1b80000, 0x00000000f5780000)
  object space 22016K, 22% used [0x00000000e0600000,0x00000000e0ace3e0,0x00000000e1b80000)
 Metaspace       used 14747K, capacity 14974K, committed 15232K, reserved 1062912K
  class space    used 1756K, capacity 1832K, committed 1920K, reserved 1048576K
}
Event: 10.576 GC heap before
{Heap before GC invocations=3 (full 0):
 PSYoungGen      total 9728K, used 9717K [0x00000000f5780000, 0x00000000f6200000, 0x0000000100000000)
  eden space 8704K, 100% used [0x00000000f5780000,0x00000000f6000000,0x00000000f6000000)
  from space 1024K, 98% used [0x00000000f6100000,0x00000000f61fd6f0,0x00000000f6200000)
  to   space 1024K, 0% used [0x00000000f6000000,0x00000000f6000000,0x00000000f6100000)
 ParOldGen       total 22016K, used 4920K [0x00000000e0600000, 0x00000000e1b80000, 0x00000000f5780000)
  object space 22016K, 22% used [0x00000000e0600000,0x00000000e0ace3e0,0x00000000e1b80000)
 Metaspace       used 15280K, capacity 15570K, committed 15744K, reserved 1062912K
  class space    used 1757K, capacity 1834K, committed 1920K, reserved 1048576K
Event: 10.583 GC heap after
Heap after GC invocations=3 (full 0):
 PSYoungGen      total 9728K, used 1013K [0x00000000f5780000, 0x00000000f6200000, 0x0000000100000000)
  eden space 8704K, 0% used [0x00000000f5780000,0x00000000f5780000,0x00000000f6000000)
  from space 1024K, 98% used [0x00000000f6000000,0x00000000f60fd6f0,0x00000000f6100000)
  to   space 1024K, 0% used [0x00000000f6100000,0x00000000f6100000,0x00000000f6200000)
 ParOldGen       total 22016K, used 5801K [0x00000000e0600000, 0x00000000e1b80000, 0x00000000f5780000)
  object space 22016K, 26% used [0x00000000e0600000,0x00000000e0baa550,0x00000000e1b80000)
 Metaspace       used 15280K, capacity 15570K, committed 15744K, reserved 1062912K
  class space    used 1757K, capacity 1834K, committed 1920K, reserved 1048576K
}
Event: 13.191 GC heap before
{Heap before GC invocations=4 (full 0):
 PSYoungGen      total 9728K, used 9717K [0x00000000f5780000, 0x00000000f6200000, 0x0000000100000000)
  eden space 8704K, 100% used [0x00000000f5780000,0x00000000f6000000,0x00000000f6000000)
  from space 1024K, 98% used [0x00000000f6000000,0x00000000f60fd6f0,0x00000000f6100000)
  to   space 1024K, 0% used [0x00000000f6100000,0x00000000f6100000,0x00000000f6200000)
 ParOldGen       total 22016K, used 5801K [0x00000000e0600000, 0x00000000e1b80000, 0x00000000f5780000)
  object space 22016K, 26% used [0x00000000e0600000,0x00000000e0baa550,0x00000000e1b80000)
 Metaspace       used 15409K, capacity 15634K, committed 15744K, reserved 1062912K
  class space    used 1758K, capacity 1834K, committed 1920K, reserved 1048576K
Event: 13.197 GC heap after
Heap after GC invocations=4 (full 0):
 PSYoungGen      total 9728K, used 1013K [0x00000000f5780000, 0x00000000f6200000, 0x0000000100000000)
  eden space 8704K, 0% used [0x00000000f5780000,0x00000000f5780000,0x00000000f6000000)
  from space 1024K, 98% used [0x00000000f6100000,0x00000000f61fd6f0,0x00000000f6200000)
  to   space 1024K, 0% used [0x00000000f6000000,0x00000000f6000000,0x00000000f6100000)
 ParOldGen       total 22016K, used 6489K [0x00000000e0600000, 0x00000000e1b80000, 0x00000000f5780000)
  object space 22016K, 29% used [0x00000000e0600000,0x00000000e0c56650,0x00000000e1b80000)
 Metaspace       used 15409K, capacity 15634K, committed 15744K, reserved 1062912K
  class space    used 1758K, capacity 1834K, committed 1920K, reserved 1048576K
}

