# JRE version: Java(TM) SE Runtime Environment (8.0_221-b11) (build 1.8.0_221-b11)
# Java VM: Java HotSpot(TM) 64-Bit Server VM (25.221-b11 mixed mode windows-amd64 compressed oops)
Heap:
 PSYoungGen      total 9728K, used 4048K [0x00000000f5780000, 0x00000000f6200000, 0x0000000100000000)
  eden space 8704K, 34% used [0x00000000f5780000,0x00000000f5a741d0,0x00000000f6000000)
  from space 1024K, 100% used [0x00000000f6100000,0x00000000f6200000,0x00000000f6200000)
  to   space 1024K, 0% used [0x00000000f6000000,0x00000000f6000000,0x00000000f6100000)
 ParOldGen       total 22016K, used 5553K [0x00000000e0600000, 0x00000000e1b80000, 0x00000000f5780000)
  object space 22016K, 25% used [0x00000000e0600000,0x00000000e0b6c7f0,0x00000000e1b80000)
 Metaspace       used 15398K, capacity 15634K, committed 15744K, reserved 1062912K
  class space    used 1759K, capacity 1834K, committed 1920K, reserved 1048576K
GC Heap History (8 events):
Event: 14.277 GC heap before
{Heap before GC invocations=1 (full 0):
 PSYoungGen      total 9728K, used 8693K [0x00000000f5780000, 0x00000000f6200000, 0x0000000100000000)
  eden space 8704K, 99% used [0x00000000f5780000,0x00000000f5ffd5f8,0x00000000f6000000)
  from space 1024K, 0% used [0x00000000f6100000,0x00000000f6100000,0x00000000f6200000)
  to   space 1024K, 0% used [0x00000000f6000000,0x00000000f6000000,0x00000000f6100000)
 ParOldGen       total 22016K, used 0K [0x00000000e0600000, 0x00000000e1b80000, 0x00000000f5780000)
  object space 22016K, 0% used [0x00000000e0600000,0x00000000e0600000,0x00000000e1b80000)
 Metaspace       used 12133K, capacity 12360K, committed 12672K, reserved 1060864K
  class space    used 1494K, capacity 1561K, committed 1664K, reserved 1048576K
Event: 14.287 GC heap after
Heap after GC invocations=1 (full 0):
 PSYoungGen      total 9728K, used 1024K [0x00000000f5780000, 0x00000000f6200000, 0x0000000100000000)
  eden space 8704K, 0% used [0x00000000f5780000,0x00000000f5780000,0x00000000f6000000)
  from space 1024K, 100% used [0x00000000f6000000,0x00000000f6100000,0x00000000f6100000)
  to   space 1024K, 0% used [0x00000000f6100000,0x00000000f6100000,0x00000000f6200000)
 ParOldGen       total 22016K, used 2145K [0x00000000e0600000, 0x00000000e1b80000, 0x00000000f5780000)
  object space 22016K, 9% used [0x00000000e0600000,0x00000000e0818550,0x00000000e1b80000)
 Metaspace       used 12133K, capacity 12360K, committed 12672K, reserved 1060864K
  class space    used 1494K, capacity 1561K, committed 1664K, reserved 1048576K
}
Event: 14.998 GC heap before
{Heap before GC invocations=2 (full 0):
 PSYoungGen      total 9728K, used 9728K [0x00000000f5780000, 0x00000000f6200000, 0x0000000100000000)
  eden space 8704K, 100% used [0x00000000f5780000,0x00000000f6000000,0x00000000f6000000)
  from space 1024K, 100% used [0x00000000f6000000,0x00000000f6100000,0x00000000f6100000)
  to   space 1024K, 0% used [0x00000000f6100000,0x00000000f6100000,0x00000000f6200000)
 ParOldGen       total 22016K, used 2145K [0x00000000e0600000, 0x00000000e1b80000, 0x00000000f5780000)
  object space 22016K, 9% used [0x00000000e0600000,0x00000000e0818550,0x00000000e1b80000)
 Metaspace       used 14820K, capacity 15046K, committed 15232K, reserved 1062912K
  class space    used 1757K, capacity 1832K, committed 1920K, reserved 1048576K
Event: 15.008 GC heap after
Heap after GC invocations=2 (full 0):
 PSYoungGen      total 9728K, used 1024K [0x00000000f5780000, 0x00000000f6200000, 0x0000000100000000)
  eden space 8704K, 0% used [0x00000000f5780000,0x00000000f5780000,0x00000000f6000000)
  from space 1024K, 100% used [0x00000000f6100000,0x00000000f6200000,0x00000000f6200000)
  to   space 1024K, 0% used [0x00000000f6000000,0x00000000f6000000,0x00000000f6100000)
 ParOldGen       total 22016K, used 4815K [0x00000000e0600000, 0x00000000e1b80000, 0x00000000f5780000)
  object space 22016K, 21% used [0x00000000e0600000,0x00000000e0ab3fd0,0x00000000e1b80000)
 Metaspace       used 14820K, capacity 15046K, committed 15232K, reserved 1062912K
  class space    used 1757K, capacity 1832K, committed 1920K, reserved 1048576K
}
Event: 17.655 GC heap before
{Heap before GC invocations=3 (full 0):
 PSYoungGen      total 9728K, used 9728K [0x00000000f5780000, 0x00000000f6200000, 0x0000000100000000)
  eden space 8704K, 100% used [0x00000000f5780000,0x00000000f6000000,0x00000000f6000000)
  from space 1024K, 100% used [0x00000000f6100000,0x00000000f6200000,0x00000000f6200000)
  to   space 1024K, 0% used [0x00000000f6000000,0x00000000f6000000,0x00000000f6100000)
 ParOldGen       total 22016K, used 4815K [0x00000000e0600000, 0x00000000e1b80000, 0x00000000f5780000)
  object space 22016K, 21% used [0x00000000e0600000,0x00000000e0ab3fd0,0x00000000e1b80000)
 Metaspace       used 15244K, capacity 15506K, committed 15744K, reserved 1062912K
  class space    used 1759K, capacity 1834K, committed 1920K, reserved 1048576K
Event: 17.663 GC heap after
Heap after GC invocations=3 (full 0):
 PSYoungGen      total 9728K, used 995K [0x00000000f5780000, 0x00000000f6200000, 0x0000000100000000)
  eden space 8704K, 0% used [0x00000000f5780000,0x00000000f5780000,0x00000000f6000000)
  from space 1024K, 97% used [0x00000000f6000000,0x00000000f60f8e40,0x00000000f6100000)
  to   space 1024K, 0% used [0x00000000f6100000,0x00000000f6100000,0x00000000f6200000)
 ParOldGen       total 22016K, used 5449K [0x00000000e0600000, 0x00000000e1b80000, 0x00000000f5780000)
  object space 22016K, 24% used [0x00000000e0600000,0x00000000e0b527d0,0x00000000e1b80000)
 Metaspace       used 15244K, capacity 15506K, committed 15744K, reserved 1062912K
  class space    used 1759K, capacity 1834K, committed 1920K, reserved 1048576K
}
Event: 20.392 GC heap before
{Heap before GC invocations=4 (full 0):
 PSYoungGen      total 9728K, used 9699K [0x00000000f5780000, 0x00000000f6200000, 0x0000000100000000)
  eden space 8704K, 100% used [0x00000000f5780000,0x00000000f6000000,0x00000000f6000000)
  from space 1024K, 97% used [0x00000000f6000000,0x00000000f60f8e40,0x00000000f6100000)
  to   space 1024K, 0% used [0x00000000f6100000,0x00000000f6100000,0x00000000f6200000)
 ParOldGen       total 22016K, used 5449K [0x00000000e0600000, 0x00000000e1b80000, 0x00000000f5780000)
  object space 22016K, 24% used [0x00000000e0600000,0x00000000e0b527d0,0x00000000e1b80000)
 Metaspace       used 15366K, capacity 15570K, committed 15744K, reserved 1062912K
  class space    used 1759K, capacity 1834K, committed 1920K, reserved 1048576K
Event: 20.398 GC heap after
Heap after GC invocations=4 (full 0):
 PSYoungGen      total 9728K, used 1024K [0x00000000f5780000, 0x00000000f6200000, 0x0000000100000000)
  eden space 8704K, 0% used [0x00000000f5780000,0x00000000f5780000,0x00000000f6000000)
  from space 1024K, 100% used [0x00000000f6100000,0x00000000f6200000,0x00000000f6200000)
  to   space 1024K, 0% used [0x00000000f6000000,0x00000000f6000000,0x00000000f6100000)
 ParOldGen       total 22016K, used 5553K [0x00000000e0600000, 0x00000000e1b80000, 0x00000000f5780000)
  object space 22016K, 25% used [0x00000000e0600000,0x00000000e0b6c7f0,0x00000000e1b80000)
 Metaspace       used 15366K, capacity 15570K, committed 15744K, reserved 1062912K
  class space    used 1759K, capacity 1834K, committed 1920K, reserved 1048576K
}

