# JRE version: Java(TM) SE Runtime Environment (11.0.2+9) (build 11.0.2+9-LTS)
# Java VM: Java HotSpot(TM) 64-Bit Server VM (11.0.2+9-LTS, mixed mode, tiered, compressed oops, g1 gc, windows-amd64)
Heap:
 garbage-first heap   total 131072K, used 29847K [0x0000000081000000, 0x0000000100000000)
  region size 1024K, 28 young (28672K), 1 survivors (1024K)
 Metaspace       used 16979K, capacity 17344K, committed 17536K, reserved 1064960K
  class space    used 1740K, capacity 1914K, committed 1920K, reserved 1048576K
GC Heap History (10 events):
Event: 93.692 GC heap before
{Heap before GC invocations=0 (full 0):
 garbage-first heap   total 131072K, used 15360K [0x0000000081000000, 0x0000000100000000)
  region size 1024K, 14 young (14336K), 0 survivors (0K)
 Metaspace       used 16737K, capacity 17087K, committed 17280K, reserved 1064960K
  class space    used 1740K, capacity 1914K, committed 1920K, reserved 1048576K
}
Event: 93.700 GC heap after
{Heap after GC invocations=1 (full 0):
 garbage-first heap   total 131072K, used 4174K [0x0000000081000000, 0x0000000100000000)
  region size 1024K, 2 young (2048K), 2 survivors (2048K)
 Metaspace       used 16737K, capacity 17087K, committed 17280K, reserved 1064960K
  class space    used 1740K, capacity 1914K, committed 1920K, reserved 1048576K
}
Event: 248.090 GC heap before
{Heap before GC invocations=1 (full 0):
 garbage-first heap   total 131072K, used 8270K [0x0000000081000000, 0x0000000100000000)
  region size 1024K, 6 young (6144K), 2 survivors (2048K)
 Metaspace       used 16915K, capacity 17280K, committed 17536K, reserved 1064960K
  class space    used 1740K, capacity 1914K, committed 1920K, reserved 1048576K
}
Event: 248.095 GC heap after
{Heap after GC invocations=2 (full 0):
 garbage-first heap   total 131072K, used 4522K [0x0000000081000000, 0x0000000100000000)
  region size 1024K, 1 young (1024K), 1 survivors (1024K)
 Metaspace       used 16915K, capacity 17280K, committed 17536K, reserved 1064960K
  class space    used 1740K, capacity 1914K, committed 1920K, reserved 1048576K
}
Event: 274.019 GC heap before
{Heap before GC invocations=2 (full 0):
 garbage-first heap   total 131072K, used 25002K [0x0000000081000000, 0x0000000100000000)
  region size 1024K, 22 young (22528K), 1 survivors (1024K)
 Metaspace       used 16948K, capacity 17344K, committed 17536K, reserved 1064960K
  class space    used 1740K, capacity 1914K, committed 1920K, reserved 1048576K
}
Event: 274.020 GC heap after
{Heap after GC invocations=3 (full 0):
 garbage-first heap   total 131072K, used 4332K [0x0000000081000000, 0x0000000100000000)
  region size 1024K, 1 young (1024K), 1 survivors (1024K)
 Metaspace       used 16948K, capacity 17344K, committed 17536K, reserved 1064960K
  class space    used 1740K, capacity 1914K, committed 1920K, reserved 1048576K
}
Event: 351.083 GC heap before
{Heap before GC invocations=3 (full 0):
 garbage-first heap   total 131072K, used 80108K [0x0000000081000000, 0x0000000100000000)
  region size 1024K, 76 young (77824K), 1 survivors (1024K)
 Metaspace       used 16951K, capacity 17344K, committed 17536K, reserved 1064960K
  class space    used 1740K, capacity 1914K, committed 1920K, reserved 1048576K
}
Event: 351.084 GC heap after
{Heap after GC invocations=4 (full 0):
 garbage-first heap   total 131072K, used 4260K [0x0000000081000000, 0x0000000100000000)
  region size 1024K, 1 young (1024K), 1 survivors (1024K)
 Metaspace       used 16951K, capacity 17344K, committed 17536K, reserved 1064960K
  class space    used 1740K, capacity 1914K, committed 1920K, reserved 1048576K
}
Event: 427.870 GC heap before
{Heap before GC invocations=4 (full 0):
 garbage-first heap   total 131072K, used 80036K [0x0000000081000000, 0x0000000100000000)
  region size 1024K, 76 young (77824K), 1 survivors (1024K)
 Metaspace       used 16952K, capacity 17344K, committed 17536K, reserved 1064960K
  class space    used 1740K, capacity 1914K, committed 1920K, reserved 1048576K
}
Event: 427.870 GC heap after
{Heap after GC invocations=5 (full 0):
 garbage-first heap   total 131072K, used 4247K [0x0000000081000000, 0x0000000100000000)
  region size 1024K, 1 young (1024K), 1 survivors (1024K)
 Metaspace       used 16952K, capacity 17344K, committed 17536K, reserved 1064960K
  class space    used 1740K, capacity 1914K, committed 1920K, reserved 1048576K
}

