# JRE version: Java(TM) SE Runtime Environment (8.0_221-b11) (build 1.8.0_221-b11)
# Java VM: Java HotSpot(TM) 64-Bit Server VM (25.221-b11 mixed mode windows-amd64 compressed oops)
Heap:
 PSYoungGen      total 9728K, used 6825K [0x00000000f5780000, 0x00000000f6200000, 0x0000000100000000)
  eden space 8704K, 66% used [0x00000000f5780000,0x00000000f5d2d0c8,0x00000000f6000000)
  from space 1024K, 98% used [0x00000000f6000000,0x00000000f60fd6f0,0x00000000f6100000)
  to   space 1024K, 0% used [0x00000000f6100000,0x00000000f6100000,0x00000000f6200000)
 ParOldGen       total 22016K, used 5246K [0x00000000e0600000, 0x00000000e1b80000, 0x00000000f5780000)
  object space 22016K, 23% used [0x00000000e0600000,0x00000000e0b1f800,0x00000000e1b80000)
 Metaspace       used 15287K, capacity 15500K, committed 15744K, reserved 1062912K
  class space    used 1756K, capacity 1833K, committed 1920K, reserved 1048576K
GC Heap History (6 events):
Event: 7.185 GC heap before
{Heap before GC invocations=1 (full 0):
 PSYoungGen      total 9728K, used 8704K [0x00000000f5780000, 0x00000000f6200000, 0x0000000100000000)
  eden space 8704K, 100% used [0x00000000f5780000,0x00000000f6000000,0x00000000f6000000)
  from space 1024K, 0% used [0x00000000f6100000,0x00000000f6100000,0x00000000f6200000)
  to   space 1024K, 0% used [0x00000000f6000000,0x00000000f6000000,0x00000000f6100000)
 ParOldGen       total 22016K, used 0K [0x00000000e0600000, 0x00000000e1b80000, 0x00000000f5780000)
  object space 22016K, 0% used [0x00000000e0600000,0x00000000e0600000,0x00000000e1b80000)
 Metaspace       used 11872K, capacity 12090K, committed 12416K, reserved 1060864K
  class space    used 1483K, capacity 1558K, committed 1664K, reserved 1048576K
Event: 7.193 GC heap after
Heap after GC invocations=1 (full 0):
 PSYoungGen      total 9728K, used 1013K [0x00000000f5780000, 0x00000000f6200000, 0x0000000100000000)
  eden space 8704K, 0% used [0x00000000f5780000,0x00000000f5780000,0x00000000f6000000)
  from space 1024K, 98% used [0x00000000f6000000,0x00000000f60fd6f0,0x00000000f6100000)
  to   space 1024K, 0% used [0x00000000f6100000,0x00000000f6100000,0x00000000f6200000)
 ParOldGen       total 22016K, used 2103K [0x00000000e0600000, 0x00000000e1b80000, 0x00000000f5780000)
  object space 22016K, 9% used [0x00000000e0600000,0x00000000e080de90,0x00000000e1b80000)
 Metaspace       used 11872K, capacity 12090K, committed 12416K, reserved 1060864K
  class space    used 1483K, capacity 1558K, committed 1664K, reserved 1048576K
}
Event: 8.067 GC heap before
{Heap before GC invocations=2 (full 0):
 PSYoungGen      total 9728K, used 9717K [0x00000000f5780000, 0x00000000f6200000, 0x0000000100000000)
  eden space 8704K, 100% used [0x00000000f5780000,0x00000000f6000000,0x00000000f6000000)
  from space 1024K, 98% used [0x00000000f6000000,0x00000000f60fd6f0,0x00000000f6100000)
  to   space 1024K, 0% used [0x00000000f6100000,0x00000000f6100000,0x00000000f6200000)
 ParOldGen       total 22016K, used 2103K [0x00000000e0600000, 0x00000000e1b80000, 0x00000000f5780000)
  object space 22016K, 9% used [0x00000000e0600000,0x00000000e080de90,0x00000000e1b80000)
 Metaspace       used 14819K, capacity 15046K, committed 15232K, reserved 1062912K
  class space    used 1755K, capacity 1832K, committed 1920K, reserved 1048576K
Event: 8.076 GC heap after
Heap after GC invocations=2 (full 0):
 PSYoungGen      total 9728K, used 997K [0x00000000f5780000, 0x00000000f6200000, 0x0000000100000000)
  eden space 8704K, 0% used [0x00000000f5780000,0x00000000f5780000,0x00000000f6000000)
  from space 1024K, 97% used [0x00000000f6100000,0x00000000f61f96e0,0x00000000f6200000)
  to   space 1024K, 0% used [0x00000000f6000000,0x00000000f6000000,0x00000000f6100000)
 ParOldGen       total 22016K, used 4802K [0x00000000e0600000, 0x00000000e1b80000, 0x00000000f5780000)
  object space 22016K, 21% used [0x00000000e0600000,0x00000000e0ab0950,0x00000000e1b80000)
 Metaspace       used 14819K, capacity 15046K, committed 15232K, reserved 1062912K
  class space    used 1755K, capacity 1832K, committed 1920K, reserved 1048576K
}
Event: 11.175 GC heap before
{Heap before GC invocations=3 (full 0):
 PSYoungGen      total 9728K, used 9701K [0x00000000f5780000, 0x00000000f6200000, 0x0000000100000000)
  eden space 8704K, 100% used [0x00000000f5780000,0x00000000f6000000,0x00000000f6000000)
  from space 1024K, 97% used [0x00000000f6100000,0x00000000f61f96e0,0x00000000f6200000)
  to   space 1024K, 0% used [0x00000000f6000000,0x00000000f6000000,0x00000000f6100000)
 ParOldGen       total 22016K, used 4802K [0x00000000e0600000, 0x00000000e1b80000, 0x00000000f5780000)
  object space 22016K, 21% used [0x00000000e0600000,0x00000000e0ab0950,0x00000000e1b80000)
 Metaspace       used 15267K, capacity 15500K, committed 15744K, reserved 1062912K
  class space    used 1756K, capacity 1833K, committed 1920K, reserved 1048576K
Event: 11.181 GC heap after
Heap after GC invocations=3 (full 0):
 PSYoungGen      total 9728K, used 1013K [0x00000000f5780000, 0x00000000f6200000, 0x0000000100000000)
  eden space 8704K, 0% used [0x00000000f5780000,0x00000000f5780000,0x00000000f6000000)
  from space 1024K, 98% used [0x00000000f6000000,0x00000000f60fd6f0,0x00000000f6100000)
  to   space 1024K, 0% used [0x00000000f6100000,0x00000000f6100000,0x00000000f6200000)
 ParOldGen       total 22016K, used 5246K [0x00000000e0600000, 0x00000000e1b80000, 0x00000000f5780000)
  object space 22016K, 23% used [0x00000000e0600000,0x00000000e0b1f800,0x00000000e1b80000)
 Metaspace       used 15267K, capacity 15500K, committed 15744K, reserved 1062912K
  class space    used 1756K, capacity 1833K, committed 1920K, reserved 1048576K
}

