# JRE version: Java(TM) SE Runtime Environment (8.0_221-b11) (build 1.8.0_221-b11)
# Java VM: Java HotSpot(TM) 64-Bit Server VM (25.221-b11 mixed mode windows-amd64 compressed oops)
Heap:
 PSYoungGen      total 12288K, used 5403K [0x00000000f5780000, 0x00000000f6900000, 0x0000000100000000)
  eden space 8192K, 58% used [0x00000000f5780000,0x00000000f5c26ec0,0x00000000f5f80000)
  from space 4096K, 15% used [0x00000000f6400000,0x00000000f64a00c0,0x00000000f6800000)
  to   space 4608K, 0% used [0x00000000f5f80000,0x00000000f5f80000,0x00000000f6400000)
 ParOldGen       total 22016K, used 9109K [0x00000000e0600000, 0x00000000e1b80000, 0x00000000f5780000)
  object space 22016K, 41% used [0x00000000e0600000,0x00000000e0ee5788,0x00000000e1b80000)
 Metaspace       used 15897K, capacity 16178K, committed 16256K, reserved 1062912K
  class space    used 1804K, capacity 1866K, committed 1920K, reserved 1048576K
GC Heap History (10 events):
Event: 16.499 GC heap before
{Heap before GC invocations=6 (full 0):
 PSYoungGen      total 9728K, used 9717K [0x00000000f5780000, 0x00000000f6800000, 0x0000000100000000)
  eden space 8704K, 100% used [0x00000000f5780000,0x00000000f6000000,0x00000000f6000000)
  from space 1024K, 98% used [0x00000000f6000000,0x00000000f60fd6f0,0x00000000f6100000)
  to   space 4096K, 0% used [0x00000000f6400000,0x00000000f6400000,0x00000000f6800000)
 ParOldGen       total 22016K, used 7862K [0x00000000e0600000, 0x00000000e1b80000, 0x00000000f5780000)
  object space 22016K, 35% used [0x00000000e0600000,0x00000000e0dadb40,0x00000000e1b80000)
 Metaspace       used 15668K, capacity 15922K, committed 16000K, reserved 1062912K
  class space    used 1793K, capacity 1866K, committed 1920K, reserved 1048576K
Event: 16.507 GC heap after
Heap after GC invocations=6 (full 0):
 PSYoungGen      total 12800K, used 2134K [0x00000000f5780000, 0x00000000f6800000, 0x0000000100000000)
  eden space 8704K, 0% used [0x00000000f5780000,0x00000000f5780000,0x00000000f6000000)
  from space 4096K, 52% used [0x00000000f6400000,0x00000000f6615850,0x00000000f6800000)
  to   space 4096K, 0% used [0x00000000f6000000,0x00000000f6000000,0x00000000f6400000)
 ParOldGen       total 22016K, used 7862K [0x00000000e0600000, 0x00000000e1b80000, 0x00000000f5780000)
  object space 22016K, 35% used [0x00000000e0600000,0x00000000e0dadb40,0x00000000e1b80000)
 Metaspace       used 15668K, capacity 15922K, committed 16000K, reserved 1062912K
  class space    used 1793K, capacity 1866K, committed 1920K, reserved 1048576K
}
Event: 19.063 GC heap before
{Heap before GC invocations=7 (full 0):
 PSYoungGen      total 12800K, used 10838K [0x00000000f5780000, 0x00000000f6800000, 0x0000000100000000)
  eden space 8704K, 100% used [0x00000000f5780000,0x00000000f6000000,0x00000000f6000000)
  from space 4096K, 52% used [0x00000000f6400000,0x00000000f6615850,0x00000000f6800000)
  to   space 4096K, 0% used [0x00000000f6000000,0x00000000f6000000,0x00000000f6400000)
 ParOldGen       total 22016K, used 7862K [0x00000000e0600000, 0x00000000e1b80000, 0x00000000f5780000)
  object space 22016K, 35% used [0x00000000e0600000,0x00000000e0dadb40,0x00000000e1b80000)
 Metaspace       used 15785K, capacity 16050K, committed 16256K, reserved 1062912K
  class space    used 1797K, capacity 1866K, committed 1920K, reserved 1048576K
Event: 19.071 GC heap after
Heap after GC invocations=7 (full 0):
 PSYoungGen      total 12800K, used 1184K [0x00000000f5780000, 0x00000000f6800000, 0x0000000100000000)
  eden space 8704K, 0% used [0x00000000f5780000,0x00000000f5780000,0x00000000f6000000)
  from space 4096K, 28% used [0x00000000f6000000,0x00000000f6128180,0x00000000f6400000)
  to   space 4096K, 0% used [0x00000000f6400000,0x00000000f6400000,0x00000000f6800000)
 ParOldGen       total 22016K, used 8865K [0x00000000e0600000, 0x00000000e1b80000, 0x00000000f5780000)
  object space 22016K, 40% used [0x00000000e0600000,0x00000000e0ea8568,0x00000000e1b80000)
 Metaspace       used 15785K, capacity 16050K, committed 16256K, reserved 1062912K
  class space    used 1797K, capacity 1866K, committed 1920K, reserved 1048576K
}
Event: 20.936 GC heap before
{Heap before GC invocations=8 (full 0):
 PSYoungGen      total 12800K, used 9888K [0x00000000f5780000, 0x00000000f6800000, 0x0000000100000000)
  eden space 8704K, 100% used [0x00000000f5780000,0x00000000f6000000,0x00000000f6000000)
  from space 4096K, 28% used [0x00000000f6000000,0x00000000f6128180,0x00000000f6400000)
  to   space 4096K, 0% used [0x00000000f6400000,0x00000000f6400000,0x00000000f6800000)
 ParOldGen       total 22016K, used 8865K [0x00000000e0600000, 0x00000000e1b80000, 0x00000000f5780000)
  object space 22016K, 40% used [0x00000000e0600000,0x00000000e0ea8568,0x00000000e1b80000)
 Metaspace       used 15818K, capacity 16050K, committed 16256K, reserved 1062912K
  class space    used 1797K, capacity 1866K, committed 1920K, reserved 1048576K
Event: 20.941 GC heap after
Heap after GC invocations=8 (full 0):
 PSYoungGen      total 12800K, used 1280K [0x00000000f5780000, 0x00000000f6800000, 0x0000000100000000)
  eden space 8704K, 0% used [0x00000000f5780000,0x00000000f5780000,0x00000000f6000000)
  from space 4096K, 31% used [0x00000000f6400000,0x00000000f6540170,0x00000000f6800000)
  to   space 4096K, 0% used [0x00000000f6000000,0x00000000f6000000,0x00000000f6400000)
 ParOldGen       total 22016K, used 8889K [0x00000000e0600000, 0x00000000e1b80000, 0x00000000f5780000)
  object space 22016K, 40% used [0x00000000e0600000,0x00000000e0eae568,0x00000000e1b80000)
 Metaspace       used 15818K, capacity 16050K, committed 16256K, reserved 1062912K
  class space    used 1797K, capacity 1866K, committed 1920K, reserved 1048576K
}
Event: 22.392 GC heap before
{Heap before GC invocations=9 (full 0):
 PSYoungGen      total 12800K, used 9984K [0x00000000f5780000, 0x00000000f6800000, 0x0000000100000000)
  eden space 8704K, 100% used [0x00000000f5780000,0x00000000f6000000,0x00000000f6000000)
  from space 4096K, 31% used [0x00000000f6400000,0x00000000f6540170,0x00000000f6800000)
  to   space 4096K, 0% used [0x00000000f6000000,0x00000000f6000000,0x00000000f6400000)
 ParOldGen       total 22016K, used 8889K [0x00000000e0600000, 0x00000000e1b80000, 0x00000000f5780000)
  object space 22016K, 40% used [0x00000000e0600000,0x00000000e0eae568,0x00000000e1b80000)
 Metaspace       used 15824K, capacity 16050K, committed 16256K, reserved 1062912K
  class space    used 1797K, capacity 1866K, committed 1920K, reserved 1048576K
Event: 22.395 GC heap after
Heap after GC invocations=9 (full 0):
 PSYoungGen      total 12800K, used 880K [0x00000000f5780000, 0x00000000f6800000, 0x0000000100000000)
  eden space 8704K, 0% used [0x00000000f5780000,0x00000000f5780000,0x00000000f6000000)
  from space 4096K, 21% used [0x00000000f6000000,0x00000000f60dc0e0,0x00000000f6400000)
  to   space 4096K, 0% used [0x00000000f6400000,0x00000000f6400000,0x00000000f6800000)
 ParOldGen       total 22016K, used 8945K [0x00000000e0600000, 0x00000000e1b80000, 0x00000000f5780000)
  object space 22016K, 40% used [0x00000000e0600000,0x00000000e0ebc568,0x00000000e1b80000)
 Metaspace       used 15824K, capacity 16050K, committed 16256K, reserved 1062912K
  class space    used 1797K, capacity 1866K, committed 1920K, reserved 1048576K
}
Event: 23.913 GC heap before
{Heap before GC invocations=10 (full 0):
 PSYoungGen      total 12800K, used 9584K [0x00000000f5780000, 0x00000000f6800000, 0x0000000100000000)
  eden space 8704K, 100% used [0x00000000f5780000,0x00000000f6000000,0x00000000f6000000)
  from space 4096K, 21% used [0x00000000f6000000,0x00000000f60dc0e0,0x00000000f6400000)
  to   space 4096K, 0% used [0x00000000f6400000,0x00000000f6400000,0x00000000f6800000)
 ParOldGen       total 22016K, used 8945K [0x00000000e0600000, 0x00000000e1b80000, 0x00000000f5780000)
  object space 22016K, 40% used [0x00000000e0600000,0x00000000e0ebc568,0x00000000e1b80000)
 Metaspace       used 15893K, capacity 16178K, committed 16256K, reserved 1062912K
  class space    used 1803K, capacity 1866K, committed 1920K, reserved 1048576K
Event: 23.916 GC heap after
Heap after GC invocations=10 (full 0):
 PSYoungGen      total 12288K, used 640K [0x00000000f5780000, 0x00000000f6900000, 0x0000000100000000)
  eden space 8192K, 0% used [0x00000000f5780000,0x00000000f5780000,0x00000000f5f80000)
  from space 4096K, 15% used [0x00000000f6400000,0x00000000f64a00c0,0x00000000f6800000)
  to   space 4608K, 0% used [0x00000000f5f80000,0x00000000f5f80000,0x00000000f6400000)
 ParOldGen       total 22016K, used 9109K [0x00000000e0600000, 0x00000000e1b80000, 0x00000000f5780000)
  object space 22016K, 41% used [0x00000000e0600000,0x00000000e0ee5788,0x00000000e1b80000)
 Metaspace       used 15893K, capacity 16178K, committed 16256K, reserved 1062912K
  class space    used 1803K, capacity 1866K, committed 1920K, reserved 1048576K
}

