# JRE version: Java(TM) SE Runtime Environment (8.0_221-b11) (build 1.8.0_221-b11)
# Java VM: Java HotSpot(TM) 64-Bit Server VM (25.221-b11 mixed mode windows-amd64 compressed oops)
Heap:
 PSYoungGen      total 13312K, used 6812K [0x00000000f5780000, 0x00000000f6900000, 0x0000000100000000)
  eden space 8704K, 65% used [0x00000000f5780000,0x00000000f5d172b8,0x00000000f6000000)
  from space 4608K, 23% used [0x00000000f6480000,0x00000000f6590070,0x00000000f6900000)
  to   space 4608K, 0% used [0x00000000f6000000,0x00000000f6000000,0x00000000f6480000)
 ParOldGen       total 22016K, used 8551K [0x00000000e0600000, 0x00000000e1b80000, 0x00000000f5780000)
  object space 22016K, 38% used [0x00000000e0600000,0x00000000e0e59c10,0x00000000e1b80000)
 Metaspace       used 15599K, capacity 15826K, committed 16000K, reserved 1062912K
  class space    used 1764K, capacity 1834K, committed 1920K, reserved 1048576K
GC Heap History (10 events):
Event: 12.077 GC heap before
{Heap before GC invocations=4 (full 0):
 PSYoungGen      total 9728K, used 9712K [0x00000000f5780000, 0x00000000f6200000, 0x0000000100000000)
  eden space 8704K, 100% used [0x00000000f5780000,0x00000000f6000000,0x00000000f6000000)
  from space 1024K, 98% used [0x00000000f6000000,0x00000000f60fc010,0x00000000f6100000)
  to   space 1024K, 0% used [0x00000000f6100000,0x00000000f6100000,0x00000000f6200000)
 ParOldGen       total 22016K, used 5721K [0x00000000e0600000, 0x00000000e1b80000, 0x00000000f5780000)
  object space 22016K, 25% used [0x00000000e0600000,0x00000000e0b966a0,0x00000000e1b80000)
 Metaspace       used 15360K, capacity 15634K, committed 15744K, reserved 1062912K
  class space    used 1764K, capacity 1834K, committed 1920K, reserved 1048576K
Event: 12.090 GC heap after
Heap after GC invocations=4 (full 0):
 PSYoungGen      total 9728K, used 1024K [0x00000000f5780000, 0x00000000f6200000, 0x0000000100000000)
  eden space 8704K, 0% used [0x00000000f5780000,0x00000000f5780000,0x00000000f6000000)
  from space 1024K, 100% used [0x00000000f6100000,0x00000000f6200000,0x00000000f6200000)
  to   space 1024K, 0% used [0x00000000f6000000,0x00000000f6000000,0x00000000f6100000)
 ParOldGen       total 22016K, used 6656K [0x00000000e0600000, 0x00000000e1b80000, 0x00000000f5780000)
  object space 22016K, 30% used [0x00000000e0600000,0x00000000e0c80008,0x00000000e1b80000)
 Metaspace       used 15360K, capacity 15634K, committed 15744K, reserved 1062912K
  class space    used 1764K, capacity 1834K, committed 1920K, reserved 1048576K
}
Event: 13.406 GC heap before
{Heap before GC invocations=5 (full 0):
 PSYoungGen      total 9728K, used 9728K [0x00000000f5780000, 0x00000000f6200000, 0x0000000100000000)
  eden space 8704K, 100% used [0x00000000f5780000,0x00000000f6000000,0x00000000f6000000)
  from space 1024K, 100% used [0x00000000f6100000,0x00000000f6200000,0x00000000f6200000)
  to   space 1024K, 0% used [0x00000000f6000000,0x00000000f6000000,0x00000000f6100000)
 ParOldGen       total 22016K, used 6656K [0x00000000e0600000, 0x00000000e1b80000, 0x00000000f5780000)
  object space 22016K, 30% used [0x00000000e0600000,0x00000000e0c80008,0x00000000e1b80000)
 Metaspace       used 15491K, capacity 15698K, committed 16000K, reserved 1062912K
  class space    used 1764K, capacity 1834K, committed 1920K, reserved 1048576K
Event: 13.413 GC heap after
Heap after GC invocations=5 (full 0):
 PSYoungGen      total 9728K, used 1008K [0x00000000f5780000, 0x00000000f6800000, 0x0000000100000000)
  eden space 8704K, 0% used [0x00000000f5780000,0x00000000f5780000,0x00000000f6000000)
  from space 1024K, 98% used [0x00000000f6000000,0x00000000f60fc010,0x00000000f6100000)
  to   space 4096K, 0% used [0x00000000f6400000,0x00000000f6400000,0x00000000f6800000)
 ParOldGen       total 22016K, used 7544K [0x00000000e0600000, 0x00000000e1b80000, 0x00000000f5780000)
  object space 22016K, 34% used [0x00000000e0600000,0x00000000e0d5e158,0x00000000e1b80000)
 Metaspace       used 15491K, capacity 15698K, committed 16000K, reserved 1062912K
  class space    used 1764K, capacity 1834K, committed 1920K, reserved 1048576K
}
Event: 15.268 GC heap before
{Heap before GC invocations=6 (full 0):
 PSYoungGen      total 9728K, used 9712K [0x00000000f5780000, 0x00000000f6800000, 0x0000000100000000)
  eden space 8704K, 100% used [0x00000000f5780000,0x00000000f6000000,0x00000000f6000000)
  from space 1024K, 98% used [0x00000000f6000000,0x00000000f60fc010,0x00000000f6100000)
  to   space 4096K, 0% used [0x00000000f6400000,0x00000000f6400000,0x00000000f6800000)
 ParOldGen       total 22016K, used 7544K [0x00000000e0600000, 0x00000000e1b80000, 0x00000000f5780000)
  object space 22016K, 34% used [0x00000000e0600000,0x00000000e0d5e158,0x00000000e1b80000)
 Metaspace       used 15524K, capacity 15762K, committed 16000K, reserved 1062912K
  class space    used 1764K, capacity 1834K, committed 1920K, reserved 1048576K
Event: 15.276 GC heap after
Heap after GC invocations=6 (full 0):
 PSYoungGen      total 12800K, used 1824K [0x00000000f5780000, 0x00000000f6800000, 0x0000000100000000)
  eden space 8704K, 0% used [0x00000000f5780000,0x00000000f5780000,0x00000000f6000000)
  from space 4096K, 44% used [0x00000000f6400000,0x00000000f65c8120,0x00000000f6800000)
  to   space 4096K, 0% used [0x00000000f6000000,0x00000000f6000000,0x00000000f6400000)
 ParOldGen       total 22016K, used 7544K [0x00000000e0600000, 0x00000000e1b80000, 0x00000000f5780000)
  object space 22016K, 34% used [0x00000000e0600000,0x00000000e0d5e158,0x00000000e1b80000)
 Metaspace       used 15524K, capacity 15762K, committed 16000K, reserved 1062912K
  class space    used 1764K, capacity 1834K, committed 1920K, reserved 1048576K
}
Event: 16.708 GC heap before
{Heap before GC invocations=7 (full 0):
 PSYoungGen      total 12800K, used 10528K [0x00000000f5780000, 0x00000000f6800000, 0x0000000100000000)
  eden space 8704K, 100% used [0x00000000f5780000,0x00000000f6000000,0x00000000f6000000)
  from space 4096K, 44% used [0x00000000f6400000,0x00000000f65c8120,0x00000000f6800000)
  to   space 4096K, 0% used [0x00000000f6000000,0x00000000f6000000,0x00000000f6400000)
 ParOldGen       total 22016K, used 7544K [0x00000000e0600000, 0x00000000e1b80000, 0x00000000f5780000)
  object space 22016K, 34% used [0x00000000e0600000,0x00000000e0d5e158,0x00000000e1b80000)
 Metaspace       used 15577K, capacity 15826K, committed 16000K, reserved 1062912K
  class space    used 1764K, capacity 1834K, committed 1920K, reserved 1048576K
Event: 16.716 GC heap after
Heap after GC invocations=7 (full 0):
 PSYoungGen      total 12800K, used 704K [0x00000000f5780000, 0x00000000f6900000, 0x0000000100000000)
  eden space 8704K, 0% used [0x00000000f5780000,0x00000000f5780000,0x00000000f6000000)
  from space 4096K, 17% used [0x00000000f6000000,0x00000000f60b00c0,0x00000000f6400000)
  to   space 4608K, 0% used [0x00000000f6480000,0x00000000f6480000,0x00000000f6900000)
 ParOldGen       total 22016K, used 8535K [0x00000000e0600000, 0x00000000e1b80000, 0x00000000f5780000)
  object space 22016K, 38% used [0x00000000e0600000,0x00000000e0e55c10,0x00000000e1b80000)
 Metaspace       used 15577K, capacity 15826K, committed 16000K, reserved 1062912K
  class space    used 1764K, capacity 1834K, committed 1920K, reserved 1048576K
}
Event: 17.391 GC heap before
{Heap before GC invocations=8 (full 0):
 PSYoungGen      total 12800K, used 9408K [0x00000000f5780000, 0x00000000f6900000, 0x0000000100000000)
  eden space 8704K, 100% used [0x00000000f5780000,0x00000000f6000000,0x00000000f6000000)
  from space 4096K, 17% used [0x00000000f6000000,0x00000000f60b00c0,0x00000000f6400000)
  to   space 4608K, 0% used [0x00000000f6480000,0x00000000f6480000,0x00000000f6900000)
 ParOldGen       total 22016K, used 8535K [0x00000000e0600000, 0x00000000e1b80000, 0x00000000f5780000)
  object space 22016K, 38% used [0x00000000e0600000,0x00000000e0e55c10,0x00000000e1b80000)
 Metaspace       used 15594K, capacity 15826K, committed 16000K, reserved 1062912K
  class space    used 1764K, capacity 1834K, committed 1920K, reserved 1048576K
Event: 17.394 GC heap after
Heap after GC invocations=8 (full 0):
 PSYoungGen      total 13312K, used 1088K [0x00000000f5780000, 0x00000000f6900000, 0x0000000100000000)
  eden space 8704K, 0% used [0x00000000f5780000,0x00000000f5780000,0x00000000f6000000)
  from space 4608K, 23% used [0x00000000f6480000,0x00000000f6590070,0x00000000f6900000)
  to   space 4608K, 0% used [0x00000000f6000000,0x00000000f6000000,0x00000000f6480000)
 ParOldGen       total 22016K, used 8551K [0x00000000e0600000, 0x00000000e1b80000, 0x00000000f5780000)
  object space 22016K, 38% used [0x00000000e0600000,0x00000000e0e59c10,0x00000000e1b80000)
 Metaspace       used 15594K, capacity 15826K, committed 16000K, reserved 1062912K
  class space    used 1764K, capacity 1834K, committed 1920K, reserved 1048576K
}

