# JRE version: Java(TM) SE Runtime Environment (8.0_221-b11) (build 1.8.0_221-b11)
# Java VM: Java HotSpot(TM) 64-Bit Server VM (25.221-b11 mixed mode windows-amd64 compressed oops)
Heap:
 PSYoungGen      total 12800K, used 6984K [0x00000000f5780000, 0x00000000f6800000, 0x0000000100000000)
  eden space 8704K, 64% used [0x00000000f5780000,0x00000000f5cf9eb0,0x00000000f6000000)
  from space 4096K, 33% used [0x00000000f6000000,0x00000000f6158200,0x00000000f6400000)
  to   space 4096K, 0% used [0x00000000f6400000,0x00000000f6400000,0x00000000f6800000)
 ParOldGen       total 22016K, used 8205K [0x00000000e0600000, 0x00000000e1b80000, 0x00000000f5780000)
  object space 22016K, 37% used [0x00000000e0600000,0x00000000e0e034e8,0x00000000e1b80000)
 Metaspace       used 15597K, capacity 15826K, committed 16000K, reserved 1062912K
  class space    used 1757K, capacity 1834K, committed 1920K, reserved 1048576K
GC Heap History (10 events):
Event: 10.315 GC heap before
{Heap before GC invocations=3 (full 0):
 PSYoungGen      total 9728K, used 9717K [0x00000000f5780000, 0x00000000f6200000, 0x0000000100000000)
  eden space 8704K, 100% used [0x00000000f5780000,0x00000000f6000000,0x00000000f6000000)
  from space 1024K, 98% used [0x00000000f6100000,0x00000000f61fd6f0,0x00000000f6200000)
  to   space 1024K, 0% used [0x00000000f6000000,0x00000000f6000000,0x00000000f6100000)
 ParOldGen       total 22016K, used 4782K [0x00000000e0600000, 0x00000000e1b80000, 0x00000000f5780000)
  object space 22016K, 21% used [0x00000000e0600000,0x00000000e0aaba48,0x00000000e1b80000)
 Metaspace       used 15155K, capacity 15378K, committed 15488K, reserved 1062912K
  class space    used 1756K, capacity 1834K, committed 1920K, reserved 1048576K
Event: 10.322 GC heap after
Heap after GC invocations=3 (full 0):
 PSYoungGen      total 9728K, used 997K [0x00000000f5780000, 0x00000000f6200000, 0x0000000100000000)
  eden space 8704K, 0% used [0x00000000f5780000,0x00000000f5780000,0x00000000f6000000)
  from space 1024K, 97% used [0x00000000f6000000,0x00000000f60f96e0,0x00000000f6100000)
  to   space 1024K, 0% used [0x00000000f6100000,0x00000000f6100000,0x00000000f6200000)
 ParOldGen       total 22016K, used 5346K [0x00000000e0600000, 0x00000000e1b80000, 0x00000000f5780000)
  object space 22016K, 24% used [0x00000000e0600000,0x00000000e0b38b28,0x00000000e1b80000)
 Metaspace       used 15155K, capacity 15378K, committed 15488K, reserved 1062912K
  class space    used 1756K, capacity 1834K, committed 1920K, reserved 1048576K
}
Event: 13.398 GC heap before
{Heap before GC invocations=4 (full 0):
 PSYoungGen      total 9728K, used 9701K [0x00000000f5780000, 0x00000000f6200000, 0x0000000100000000)
  eden space 8704K, 100% used [0x00000000f5780000,0x00000000f6000000,0x00000000f6000000)
  from space 1024K, 97% used [0x00000000f6000000,0x00000000f60f96e0,0x00000000f6100000)
  to   space 1024K, 0% used [0x00000000f6100000,0x00000000f6100000,0x00000000f6200000)
 ParOldGen       total 22016K, used 5346K [0x00000000e0600000, 0x00000000e1b80000, 0x00000000f5780000)
  object space 22016K, 24% used [0x00000000e0600000,0x00000000e0b38b28,0x00000000e1b80000)
 Metaspace       used 15340K, capacity 15570K, committed 15744K, reserved 1062912K
  class space    used 1757K, capacity 1834K, committed 1920K, reserved 1048576K
Event: 13.405 GC heap after
Heap after GC invocations=4 (full 0):
 PSYoungGen      total 9728K, used 1021K [0x00000000f5780000, 0x00000000f6200000, 0x0000000100000000)
  eden space 8704K, 0% used [0x00000000f5780000,0x00000000f5780000,0x00000000f6000000)
  from space 1024K, 99% used [0x00000000f6100000,0x00000000f61ff6f0,0x00000000f6200000)
  to   space 1024K, 0% used [0x00000000f6000000,0x00000000f6000000,0x00000000f6100000)
 ParOldGen       total 22016K, used 6291K [0x00000000e0600000, 0x00000000e1b80000, 0x00000000f5780000)
  object space 22016K, 28% used [0x00000000e0600000,0x00000000e0c24ca8,0x00000000e1b80000)
 Metaspace       used 15340K, capacity 15570K, committed 15744K, reserved 1062912K
  class space    used 1757K, capacity 1834K, committed 1920K, reserved 1048576K
}
Event: 15.562 GC heap before
{Heap before GC invocations=5 (full 0):
 PSYoungGen      total 9728K, used 9725K [0x00000000f5780000, 0x00000000f6200000, 0x0000000100000000)
  eden space 8704K, 100% used [0x00000000f5780000,0x00000000f6000000,0x00000000f6000000)
  from space 1024K, 99% used [0x00000000f6100000,0x00000000f61ff6f0,0x00000000f6200000)
  to   space 1024K, 0% used [0x00000000f6000000,0x00000000f6000000,0x00000000f6100000)
 ParOldGen       total 22016K, used 6291K [0x00000000e0600000, 0x00000000e1b80000, 0x00000000f5780000)
  object space 22016K, 28% used [0x00000000e0600000,0x00000000e0c24ca8,0x00000000e1b80000)
 Metaspace       used 15440K, capacity 15698K, committed 16000K, reserved 1062912K
  class space    used 1757K, capacity 1834K, committed 1920K, reserved 1048576K
Event: 15.570 GC heap after
Heap after GC invocations=5 (full 0):
 PSYoungGen      total 9728K, used 1021K [0x00000000f5780000, 0x00000000f6800000, 0x0000000100000000)
  eden space 8704K, 0% used [0x00000000f5780000,0x00000000f5780000,0x00000000f6000000)
  from space 1024K, 99% used [0x00000000f6000000,0x00000000f60ff770,0x00000000f6100000)
  to   space 4096K, 0% used [0x00000000f6400000,0x00000000f6400000,0x00000000f6800000)
 ParOldGen       total 22016K, used 7367K [0x00000000e0600000, 0x00000000e1b80000, 0x00000000f5780000)
  object space 22016K, 33% used [0x00000000e0600000,0x00000000e0d31df8,0x00000000e1b80000)
 Metaspace       used 15440K, capacity 15698K, committed 16000K, reserved 1062912K
  class space    used 1757K, capacity 1834K, committed 1920K, reserved 1048576K
}
Event: 17.668 GC heap before
{Heap before GC invocations=6 (full 0):
 PSYoungGen      total 9728K, used 9725K [0x00000000f5780000, 0x00000000f6800000, 0x0000000100000000)
  eden space 8704K, 100% used [0x00000000f5780000,0x00000000f6000000,0x00000000f6000000)
  from space 1024K, 99% used [0x00000000f6000000,0x00000000f60ff770,0x00000000f6100000)
  to   space 4096K, 0% used [0x00000000f6400000,0x00000000f6400000,0x00000000f6800000)
 ParOldGen       total 22016K, used 7367K [0x00000000e0600000, 0x00000000e1b80000, 0x00000000f5780000)
  object space 22016K, 33% used [0x00000000e0600000,0x00000000e0d31df8,0x00000000e1b80000)
 Metaspace       used 15504K, capacity 15698K, committed 16000K, reserved 1062912K
  class space    used 1757K, capacity 1834K, committed 1920K, reserved 1048576K
Event: 17.678 GC heap after
Heap after GC invocations=6 (full 0):
 PSYoungGen      total 12800K, used 2182K [0x00000000f5780000, 0x00000000f6800000, 0x0000000100000000)
  eden space 8704K, 0% used [0x00000000f5780000,0x00000000f5780000,0x00000000f6000000)
  from space 4096K, 53% used [0x00000000f6400000,0x00000000f66218e0,0x00000000f6800000)
  to   space 4096K, 0% used [0x00000000f6000000,0x00000000f6000000,0x00000000f6400000)
 ParOldGen       total 22016K, used 7367K [0x00000000e0600000, 0x00000000e1b80000, 0x00000000f5780000)
  object space 22016K, 33% used [0x00000000e0600000,0x00000000e0d31df8,0x00000000e1b80000)
 Metaspace       used 15504K, capacity 15698K, committed 16000K, reserved 1062912K
  class space    used 1757K, capacity 1834K, committed 1920K, reserved 1048576K
}
Event: 19.425 GC heap before
{Heap before GC invocations=7 (full 0):
 PSYoungGen      total 12800K, used 10886K [0x00000000f5780000, 0x00000000f6800000, 0x0000000100000000)
  eden space 8704K, 100% used [0x00000000f5780000,0x00000000f6000000,0x00000000f6000000)
  from space 4096K, 53% used [0x00000000f6400000,0x00000000f66218e0,0x00000000f6800000)
  to   space 4096K, 0% used [0x00000000f6000000,0x00000000f6000000,0x00000000f6400000)
 ParOldGen       total 22016K, used 7367K [0x00000000e0600000, 0x00000000e1b80000, 0x00000000f5780000)
  object space 22016K, 33% used [0x00000000e0600000,0x00000000e0d31df8,0x00000000e1b80000)
 Metaspace       used 15577K, capacity 15826K, committed 16000K, reserved 1062912K
  class space    used 1757K, capacity 1834K, committed 1920K, reserved 1048576K
Event: 19.434 GC heap after
Heap after GC invocations=7 (full 0):
 PSYoungGen      total 12800K, used 1376K [0x00000000f5780000, 0x00000000f6800000, 0x0000000100000000)
  eden space 8704K, 0% used [0x00000000f5780000,0x00000000f5780000,0x00000000f6000000)
  from space 4096K, 33% used [0x00000000f6000000,0x00000000f6158200,0x00000000f6400000)
  to   space 4096K, 0% used [0x00000000f6400000,0x00000000f6400000,0x00000000f6800000)
 ParOldGen       total 22016K, used 8205K [0x00000000e0600000, 0x00000000e1b80000, 0x00000000f5780000)
  object space 22016K, 37% used [0x00000000e0600000,0x00000000e0e034e8,0x00000000e1b80000)
 Metaspace       used 15577K, capacity 15826K, committed 16000K, reserved 1062912K
  class space    used 1757K, capacity 1834K, committed 1920K, reserved 1048576K
}

